<?xml version="1.0" encoding="UTF-8"?>
<!-- Generated by org.testng.reporters.JUnitReportReporter -->
<testsuite hostname="LAPTOP-LHPKLU7B" failures="0" tests="3" name="pageObjects.standAlone" time="43.748" errors="0" timestamp="2023-04-30T23:25:01 IST" skipped="0">
  <testcase classname="pageObjects.standAlone" name="submitOrder" time="21.352"/>
  <system-out/>
  <testcase classname="pageObjects.standAlone" name="orderHistory" time="3.326"/>
  <system-out/>
  <testcase classname="pageObjects.standAlone" name="submitOrder" time="19.070"/>
  <system-out/>
</testsuite> <!-- pageObjects.standAlone -->
