<?xml version="1.0" encoding="UTF-8"?>
<!-- Generated by org.testng.reporters.JUnitReportReporter -->
<testsuite hostname="LAPTOP-LHPKLU7B" failures="0" tests="2" name="pageObjects.ErrorValidations" time="8.632" errors="0" timestamp="2023-04-30T23:25:01 IST" skipped="1">
  <testcase classname="pageObjects.ErrorValidations" name="submitOrder" time="3.675"/>
  <system-out/>
  <testcase classname="pageObjects.ErrorValidations" name="submitOrder" time="4.957">
    <skipped/>
  </testcase> <!-- submitOrder -->
  <system-out/>
</testsuite> <!-- pageObjects.ErrorValidations -->
